<?xml version="1.0" encoding="UTF-8"?>
<!-- Generated by org.testng.reporters.JUnitReportReporter -->
<testsuite hostname="Omar-Khaled-Mohamed" failures="0" tests="4" name="tests.Commercail.SubService.SubServiceTest" time="27.780" errors="0" timestamp="2021-11-01T10:26:46 EET" skipped="0">
  <testcase classname="tests.Commercail.SubService.SubServiceTest" name="CreateSubService" time="7.542"/>
  <system-out/>
  <testcase classname="tests.Commercail.SubService.SubServiceTest" name="CreateSubService" time="6.802"/>
  <system-out/>
  <testcase classname="tests.Commercail.SubService.SubServiceTest" name="CreateSubService" time="7.105"/>
  <system-out/>
  <testcase classname="tests.Commercail.SubService.SubServiceTest" name="CreateSubService" time="6.331"/>
  <system-out/>
</testsuite> <!-- tests.Commercail.SubService.SubServiceTest -->
