<?xml version="1.0" encoding="UTF-8"?>
<!-- Generated by org.testng.reporters.JUnitReportReporter -->
<testsuite hostname="Omar-Khaled-Mohamed" failures="0" tests="1" name="tests.Commercail.CommercailHome.UserLoginTest2" time="0.235" errors="0" timestamp="2021-11-04T13:24:50 EET" skipped="0">
  <testcase classname="tests.Commercail.CommercailHome.UserLoginTest2" name="UserCanLoginSuccessfuly" time="0.235"/>
  <system-out/>
</testsuite> <!-- tests.Commercail.CommercailHome.UserLoginTest2 -->
